Analysis & Synthesis report for TopLevel
Fri Mar 25 13:10:01 2022
Quartus Prime Version 20.1.0 Build 711 06/05/2020 SJ Lite Edition


---------------------
; Table of Contents ;
---------------------
  1. Legal Notice
  2. Analysis & Synthesis Summary
  3. Analysis & Synthesis Settings
  4. Parallel Compilation
  5. Analysis & Synthesis Source Files Read
  6. Analysis & Synthesis Resource Usage Summary
  7. Analysis & Synthesis Resource Utilization by Entity
  8. General Register Statistics
  9. Multiplexer Restructuring Statistics (Restructuring Performed)
 10. Port Connectivity Checks: "ALUa:alu|Add16B:add|FullAdder:adder15"
 11. Port Connectivity Checks: "ALUa:alu|Add16B:add|FullAdder:adder0"
 12. Port Connectivity Checks: "ALUa:alu"
 13. Post-Synthesis Netlist Statistics for Top Partition
 14. Elapsed Time Per Partition
 15. Analysis & Synthesis Messages



----------------
; Legal Notice ;
----------------
Copyright (C) 2020  Intel Corporation. All rights reserved.
Your use of Intel Corporation's design tools, logic functions 
and other software and tools, and any partner logic 
functions, and any output files from any of the foregoing 
(including device programming or simulation files), and any 
associated documentation or information are expressly subject 
to the terms and conditions of the Intel Program License 
Subscription Agreement, the Intel Quartus Prime License Agreement,
the Intel FPGA IP License Agreement, or other applicable license
agreement, including, without limitation, that your use is for
the sole purpose of programming logic devices manufactured by
Intel and sold by Intel or its authorized distributors.  Please
refer to the applicable agreement for further details, at
https://fpgasoftware.intel.com/eula.



+-------------------------------------------------------------------------------+
; Analysis & Synthesis Summary                                                  ;
+---------------------------------+---------------------------------------------+
; Analysis & Synthesis Status     ; Successful - Fri Mar 25 13:10:01 2022       ;
; Quartus Prime Version           ; 20.1.0 Build 711 06/05/2020 SJ Lite Edition ;
; Revision Name                   ; TopLevel                                    ;
; Top-level Entity Name           ; TopLevel                                    ;
; Family                          ; Cyclone V                                   ;
; Logic utilization (in ALMs)     ; N/A                                         ;
; Total registers                 ; 0                                           ;
; Total pins                      ; 49                                          ;
; Total virtual pins              ; 0                                           ;
; Total block memory bits         ; 0                                           ;
; Total DSP Blocks                ; 0                                           ;
; Total HSSI RX PCSs              ; 0                                           ;
; Total HSSI PMA RX Deserializers ; 0                                           ;
; Total HSSI TX PCSs              ; 0                                           ;
; Total HSSI PMA TX Serializers   ; 0                                           ;
; Total PLLs                      ; 0                                           ;
; Total DLLs                      ; 0                                           ;
+---------------------------------+---------------------------------------------+


+---------------------------------------------------------------------------------------------------------------------------+
; Analysis & Synthesis Settings                                                                                             ;
+---------------------------------------------------------------------------------+--------------------+--------------------+
; Option                                                                          ; Setting            ; Default Value      ;
+---------------------------------------------------------------------------------+--------------------+--------------------+
; Device                                                                          ; 5CGXFC7C7F23C8     ;                    ;
; Top-level entity name                                                           ; TopLevel           ; TopLevel           ;
; Family name                                                                     ; Cyclone V          ; Cyclone V          ;
; Use smart compilation                                                           ; Off                ; Off                ;
; Enable parallel Assembler and Timing Analyzer during compilation                ; On                 ; On                 ;
; Enable compact report table                                                     ; Off                ; Off                ;
; Restructure Multiplexers                                                        ; Auto               ; Auto               ;
; MLAB Add Timing Constraints For Mixed-Port Feed-Through Mode Setting Don't Care ; Off                ; Off                ;
; Create Debugging Nodes for IP Cores                                             ; Off                ; Off                ;
; Preserve fewer node names                                                       ; On                 ; On                 ;
; Intel FPGA IP Evaluation Mode                                                   ; Enable             ; Enable             ;
; Verilog Version                                                                 ; Verilog_2001       ; Verilog_2001       ;
; VHDL Version                                                                    ; VHDL_1993          ; VHDL_1993          ;
; State Machine Processing                                                        ; Auto               ; Auto               ;
; Safe State Machine                                                              ; Off                ; Off                ;
; Extract Verilog State Machines                                                  ; On                 ; On                 ;
; Extract VHDL State Machines                                                     ; On                 ; On                 ;
; Ignore Verilog initial constructs                                               ; Off                ; Off                ;
; Iteration limit for constant Verilog loops                                      ; 5000               ; 5000               ;
; Iteration limit for non-constant Verilog loops                                  ; 250                ; 250                ;
; Add Pass-Through Logic to Inferred RAMs                                         ; On                 ; On                 ;
; Infer RAMs from Raw Logic                                                       ; On                 ; On                 ;
; Parallel Synthesis                                                              ; On                 ; On                 ;
; DSP Block Balancing                                                             ; Auto               ; Auto               ;
; NOT Gate Push-Back                                                              ; On                 ; On                 ;
; Power-Up Don't Care                                                             ; On                 ; On                 ;
; Remove Redundant Logic Cells                                                    ; Off                ; Off                ;
; Remove Duplicate Registers                                                      ; On                 ; On                 ;
; Ignore CARRY Buffers                                                            ; Off                ; Off                ;
; Ignore CASCADE Buffers                                                          ; Off                ; Off                ;
; Ignore GLOBAL Buffers                                                           ; Off                ; Off                ;
; Ignore ROW GLOBAL Buffers                                                       ; Off                ; Off                ;
; Ignore LCELL Buffers                                                            ; Off                ; Off                ;
; Ignore SOFT Buffers                                                             ; On                 ; On                 ;
; Limit AHDL Integers to 32 Bits                                                  ; Off                ; Off                ;
; Optimization Technique                                                          ; Balanced           ; Balanced           ;
; Carry Chain Length                                                              ; 70                 ; 70                 ;
; Auto Carry Chains                                                               ; On                 ; On                 ;
; Auto Open-Drain Pins                                                            ; On                 ; On                 ;
; Perform WYSIWYG Primitive Resynthesis                                           ; Off                ; Off                ;
; Auto ROM Replacement                                                            ; On                 ; On                 ;
; Auto RAM Replacement                                                            ; On                 ; On                 ;
; Auto DSP Block Replacement                                                      ; On                 ; On                 ;
; Auto Shift Register Replacement                                                 ; Auto               ; Auto               ;
; Allow Shift Register Merging across Hierarchies                                 ; Auto               ; Auto               ;
; Auto Clock Enable Replacement                                                   ; On                 ; On                 ;
; Strict RAM Replacement                                                          ; Off                ; Off                ;
; Allow Synchronous Control Signals                                               ; On                 ; On                 ;
; Force Use of Synchronous Clear Signals                                          ; Off                ; Off                ;
; Auto Resource Sharing                                                           ; Off                ; Off                ;
; Allow Any RAM Size For Recognition                                              ; Off                ; Off                ;
; Allow Any ROM Size For Recognition                                              ; Off                ; Off                ;
; Allow Any Shift Register Size For Recognition                                   ; Off                ; Off                ;
; Use LogicLock Constraints during Resource Balancing                             ; On                 ; On                 ;
; Ignore translate_off and synthesis_off directives                               ; Off                ; Off                ;
; Timing-Driven Synthesis                                                         ; On                 ; On                 ;
; Report Parameter Settings                                                       ; On                 ; On                 ;
; Report Source Assignments                                                       ; On                 ; On                 ;
; Report Connectivity Checks                                                      ; On                 ; On                 ;
; Ignore Maximum Fan-Out Assignments                                              ; Off                ; Off                ;
; Synchronization Register Chain Length                                           ; 3                  ; 3                  ;
; Power Optimization During Synthesis                                             ; Normal compilation ; Normal compilation ;
; HDL message level                                                               ; Level2             ; Level2             ;
; Suppress Register Optimization Related Messages                                 ; Off                ; Off                ;
; Number of Removed Registers Reported in Synthesis Report                        ; 5000               ; 5000               ;
; Number of Swept Nodes Reported in Synthesis Report                              ; 5000               ; 5000               ;
; Number of Inverted Registers Reported in Synthesis Report                       ; 100                ; 100                ;
; Clock MUX Protection                                                            ; On                 ; On                 ;
; Auto Gated Clock Conversion                                                     ; Off                ; Off                ;
; Block Design Naming                                                             ; Auto               ; Auto               ;
; SDC constraint protection                                                       ; Off                ; Off                ;
; Synthesis Effort                                                                ; Auto               ; Auto               ;
; Shift Register Replacement - Allow Asynchronous Clear Signal                    ; On                 ; On                 ;
; Pre-Mapping Resynthesis Optimization                                            ; Off                ; Off                ;
; Analysis & Synthesis Message Level                                              ; Medium             ; Medium             ;
; Disable Register Merging Across Hierarchies                                     ; Auto               ; Auto               ;
; Resource Aware Inference For Block RAM                                          ; On                 ; On                 ;
; Automatic Parallel Synthesis                                                    ; On                 ; On                 ;
; Partial Reconfiguration Bitstream ID                                            ; Off                ; Off                ;
+---------------------------------------------------------------------------------+--------------------+--------------------+


+------------------------------------------+
; Parallel Compilation                     ;
+----------------------------+-------------+
; Processors                 ; Number      ;
+----------------------------+-------------+
; Number detected on machine ; 4           ;
; Maximum allowed            ; 2           ;
;                            ;             ;
; Average used               ; 1.00        ;
; Maximum used               ; 1           ;
;                            ;             ;
; Usage by Processor         ; % Time Used ;
;     Processor 1            ; 100.0%      ;
+----------------------------+-------------+


+-----------------------------------------------------------------------------------------------------------------------------------------------------------------+
; Analysis & Synthesis Source Files Read                                                                                                                          ;
+----------------------------------+-----------------+-----------------+--------------------------------------------------------------------------------+---------+
; File Name with User-Entered Path ; Used in Netlist ; File Type       ; File Name with Absolute Path                                                   ; Library ;
+----------------------------------+-----------------+-----------------+--------------------------------------------------------------------------------+---------+
; ALUconceitoA.vhd                 ; yes             ; User VHDL File  ; /home/borg/Z01.1-Fenix/Projetos/C-UnidadeLogicaAritmetica/src/ALUconceitoA.vhd ;         ;
; Xor16.vhd                        ; yes             ; User VHDL File  ; /home/borg/Z01.1-Fenix/Projetos/C-UnidadeLogicaAritmetica/src/Xor16.vhd        ;         ;
; TopLevel.vhd                     ; yes             ; User VHDL File  ; /home/borg/Z01.1-Fenix/Projetos/C-UnidadeLogicaAritmetica/src/TopLevel.vhd     ;         ;
; Add16.vhd                        ; yes             ; User VHDL File  ; /home/borg/Z01.1-Fenix/Projetos/C-UnidadeLogicaAritmetica/src/Add16.vhd        ;         ;
; shift16.vhd                      ; yes             ; User VHDL File  ; /home/borg/Z01.1-Fenix/Projetos/C-UnidadeLogicaAritmetica/src/shift16.vhd      ;         ;
; And16.vhd                        ; yes             ; User VHDL File  ; /home/borg/Z01.1-Fenix/Projetos/C-UnidadeLogicaAritmetica/src/And16.vhd        ;         ;
; muxXor.vhd                       ; yes             ; User VHDL File  ; /home/borg/Z01.1-Fenix/Projetos/C-UnidadeLogicaAritmetica/src/muxXor.vhd       ;         ;
; inversor16.vhd                   ; yes             ; User VHDL File  ; /home/borg/Z01.1-Fenix/Projetos/C-UnidadeLogicaAritmetica/src/inversor16.vhd   ;         ;
; FullAdder.vhd                    ; yes             ; User VHDL File  ; /home/borg/Z01.1-Fenix/Projetos/C-UnidadeLogicaAritmetica/src/FullAdder.vhd    ;         ;
; zerador16.vhd                    ; yes             ; User VHDL File  ; /home/borg/Z01.1-Fenix/Projetos/C-UnidadeLogicaAritmetica/src/zerador16.vhd    ;         ;
; comparador16.vhd                 ; yes             ; User VHDL File  ; /home/borg/Z01.1-Fenix/Projetos/C-UnidadeLogicaAritmetica/src/comparador16.vhd ;         ;
; sevenSeg.vhd                     ; yes             ; User VHDL File  ; /home/borg/Z01.1-Fenix/Projetos/C-UnidadeLogicaAritmetica/src/sevenSeg.vhd     ;         ;
+----------------------------------+-----------------+-----------------+--------------------------------------------------------------------------------+---------+


+-----------------------------------------------------------------------------+
; Analysis & Synthesis Resource Usage Summary                                 ;
+---------------------------------------------+-------------------------------+
; Resource                                    ; Usage                         ;
+---------------------------------------------+-------------------------------+
; Estimate of Logic utilization (ALMs needed) ; 17                            ;
;                                             ;                               ;
; Combinational ALUT usage for logic          ; 29                            ;
;     -- 7 input functions                    ; 0                             ;
;     -- 6 input functions                    ; 4                             ;
;     -- 5 input functions                    ; 2                             ;
;     -- 4 input functions                    ; 16                            ;
;     -- <=3 input functions                  ; 7                             ;
;                                             ;                               ;
; Dedicated logic registers                   ; 0                             ;
;                                             ;                               ;
; I/O pins                                    ; 49                            ;
;                                             ;                               ;
; Total DSP Blocks                            ; 0                             ;
;                                             ;                               ;
; Maximum fan-out node                        ; ALUa:alu|muxXor:muxi|Equal1~0 ;
; Maximum fan-out                             ; 18                            ;
; Total fan-out                               ; 193                           ;
; Average fan-out                             ; 1.52                          ;
+---------------------------------------------+-------------------------------+


+-----------------------------------------------------------------------------------------------------------------------------------------------------------------------------------------------------------------------+
; Analysis & Synthesis Resource Utilization by Entity                                                                                                                                                                   ;
+------------------------------+---------------------+---------------------------+-------------------+------------+------+--------------+-------------------------------------------------+--------------+--------------+
; Compilation Hierarchy Node   ; Combinational ALUTs ; Dedicated Logic Registers ; Block Memory Bits ; DSP Blocks ; Pins ; Virtual Pins ; Full Hierarchy Name                             ; Entity Name  ; Library Name ;
+------------------------------+---------------------+---------------------------+-------------------+------------+------+--------------+-------------------------------------------------+--------------+--------------+
; |TopLevel                    ; 29 (0)              ; 0 (0)                     ; 0                 ; 0          ; 49   ; 0            ; |TopLevel                                       ; TopLevel     ; work         ;
;    |ALUa:alu|                ; 10 (0)              ; 0 (0)                     ; 0                 ; 0          ; 0    ; 0            ; |TopLevel|ALUa:alu                              ; ALUa         ; work         ;
;       |Add16B:add|           ; 2 (1)               ; 0 (0)                     ; 0                 ; 0          ; 0    ; 0            ; |TopLevel|ALUa:alu|Add16B:add                   ; Add16B       ; work         ;
;          |FullAdder:adder14| ; 1 (1)               ; 0 (0)                     ; 0                 ; 0          ; 0    ; 0            ; |TopLevel|ALUa:alu|Add16B:add|FullAdder:adder14 ; FullAdder    ; work         ;
;       |comparador16:compara| ; 1 (1)               ; 0 (0)                     ; 0                 ; 0          ; 0    ; 0            ; |TopLevel|ALUa:alu|comparador16:compara         ; comparador16 ; work         ;
;       |inversor16:inversor0| ; 5 (5)               ; 0 (0)                     ; 0                 ; 0          ; 0    ; 0            ; |TopLevel|ALUa:alu|inversor16:inversor0         ; inversor16   ; work         ;
;       |inversor16:inversory| ; 1 (1)               ; 0 (0)                     ; 0                 ; 0          ; 0    ; 0            ; |TopLevel|ALUa:alu|inversor16:inversory         ; inversor16   ; work         ;
;       |muxXor:muxi|          ; 1 (1)               ; 0 (0)                     ; 0                 ; 0          ; 0    ; 0            ; |TopLevel|ALUa:alu|muxXor:muxi                  ; muxXor       ; work         ;
;    |sevenSeg:u1|             ; 7 (7)               ; 0 (0)                     ; 0                 ; 0          ; 0    ; 0            ; |TopLevel|sevenSeg:u1                           ; sevenSeg     ; work         ;
;    |sevenSeg:u3|             ; 5 (5)               ; 0 (0)                     ; 0                 ; 0          ; 0    ; 0            ; |TopLevel|sevenSeg:u3                           ; sevenSeg     ; work         ;
;    |sevenSeg:u4|             ; 7 (7)               ; 0 (0)                     ; 0                 ; 0          ; 0    ; 0            ; |TopLevel|sevenSeg:u4                           ; sevenSeg     ; work         ;
+------------------------------+---------------------+---------------------------+-------------------+------------+------+--------------+-------------------------------------------------+--------------+--------------+
Note: For table entries with two numbers listed, the numbers in parentheses indicate the number of resources of the given type used by the specific entity alone. The numbers listed outside of parentheses indicate the total resources of the given type used by the specific entity and all of its sub-entities in the hierarchy.


+------------------------------------------------------+
; General Register Statistics                          ;
+----------------------------------------------+-------+
; Statistic                                    ; Value ;
+----------------------------------------------+-------+
; Total registers                              ; 0     ;
; Number of registers using Synchronous Clear  ; 0     ;
; Number of registers using Synchronous Load   ; 0     ;
; Number of registers using Asynchronous Clear ; 0     ;
; Number of registers using Asynchronous Load  ; 0     ;
; Number of registers using Clock Enable       ; 0     ;
; Number of registers using Preset             ; 0     ;
+----------------------------------------------+-------+


+-------------------------------------------------------------------------------------------------------------------------------------------------------------+
; Multiplexer Restructuring Statistics (Restructuring Performed)                                                                                              ;
+--------------------+-----------+---------------+----------------------+------------------------+------------+-----------------------------------------------+
; Multiplexer Inputs ; Bus Width ; Baseline Area ; Area if Restructured ; Saving if Restructured ; Registered ; Example Multiplexer Output                    ;
+--------------------+-----------+---------------+----------------------+------------------------+------------+-----------------------------------------------+
; 6:1                ; 15 bits   ; 60 LEs        ; 60 LEs               ; 0 LEs                  ; No         ; |TopLevel|ALUa:alu|inversor16:inversor0|y[13] ;
+--------------------+-----------+---------------+----------------------+------------------------+------------+-----------------------------------------------+


+-----------------------------------------------------------------------------------------------------------------+
; Port Connectivity Checks: "ALUa:alu|Add16B:add|FullAdder:adder15"                                               ;
+-------+--------+----------+-------------------------------------------------------------------------------------+
; Port  ; Type   ; Severity ; Details                                                                             ;
+-------+--------+----------+-------------------------------------------------------------------------------------+
; vaium ; Output ; Info     ; Connected to dangling logic. Logic that only feeds a dangling port will be removed. ;
+-------+--------+----------+-------------------------------------------------------------------------------------+


+------------------------------------------------------------------+
; Port Connectivity Checks: "ALUa:alu|Add16B:add|FullAdder:adder0" ;
+------+-------+----------+----------------------------------------+
; Port ; Type  ; Severity ; Details                                ;
+------+-------+----------+----------------------------------------+
; c    ; Input ; Info     ; Stuck at GND                           ;
+------+-------+----------+----------------------------------------+


+--------------------------------------------+
; Port Connectivity Checks: "ALUa:alu"       ;
+----------+-------+----------+--------------+
; Port     ; Type  ; Severity ; Details      ;
+----------+-------+----------+--------------+
; x[15..1] ; Input ; Info     ; Stuck at GND ;
; x[0]     ; Input ; Info     ; Stuck at VCC ;
; y[14..0] ; Input ; Info     ; Stuck at VCC ;
; y[15]    ; Input ; Info     ; Stuck at GND ;
+----------+-------+----------+--------------+


+-----------------------------------------------------+
; Post-Synthesis Netlist Statistics for Top Partition ;
+-----------------------+-----------------------------+
; Type                  ; Count                       ;
+-----------------------+-----------------------------+
; arriav_lcell_comb     ; 39                          ;
;     normal            ; 39                          ;
;         0 data inputs ; 1                           ;
;         1 data inputs ; 9                           ;
;         2 data inputs ; 3                           ;
;         3 data inputs ; 4                           ;
;         4 data inputs ; 16                          ;
;         5 data inputs ; 2                           ;
;         6 data inputs ; 4                           ;
; boundary_port         ; 49                          ;
;                       ;                             ;
; Max LUT depth         ; 4.00                        ;
; Average LUT depth     ; 3.50                        ;
+-----------------------+-----------------------------+


+-------------------------------+
; Elapsed Time Per Partition    ;
+----------------+--------------+
; Partition Name ; Elapsed Time ;
+----------------+--------------+
; Top            ; 00:00:00     ;
+----------------+--------------+


+-------------------------------+
; Analysis & Synthesis Messages ;
+-------------------------------+
Info: *******************************************************************
Info: Running Quartus Prime Analysis & Synthesis
    Info: Version 20.1.0 Build 711 06/05/2020 SJ Lite Edition
    Info: Processing started: Fri Mar 25 13:09:50 2022
Info: Command: quartus_map --read_settings_files=on --write_settings_files=off TopLevel -c TopLevel
Warning (18236): Number of processors has not been specified which may cause overloading on shared machines.  Set the global assignment NUM_PARALLEL_PROCESSORS in your QSF to an appropriate value for best performance.
Info (20030): Parallel compilation is enabled and will use 2 of the 2 processors detected
Info (12021): Found 2 design units, including 1 entities, in source file ALUconceitoA.vhd
    Info (12022): Found design unit 1: ALUa-rtl File: /home/borg/Z01.1-Fenix/Projetos/C-UnidadeLogicaAritmetica/src/ALUconceitoA.vhd Line: 27
    Info (12023): Found entity 1: ALUa File: /home/borg/Z01.1-Fenix/Projetos/C-UnidadeLogicaAritmetica/src/ALUconceitoA.vhd Line: 10
Info (12021): Found 2 design units, including 1 entities, in source file ALUconceitoB.vhd
    Info (12022): Found design unit 1: ALUb-rtl File: /home/borg/Z01.1-Fenix/Projetos/C-UnidadeLogicaAritmetica/src/ALUconceitoB.vhd Line: 47
    Info (12023): Found entity 1: ALUb File: /home/borg/Z01.1-Fenix/Projetos/C-UnidadeLogicaAritmetica/src/ALUconceitoB.vhd Line: 31
Info (12021): Found 2 design units, including 1 entities, in source file Xor16.vhd
    Info (12022): Found design unit 1: Xor16-rtl File: /home/borg/Z01.1-Fenix/Projetos/C-UnidadeLogicaAritmetica/src/Xor16.vhd Line: 12
    Info (12023): Found entity 1: Xor16 File: /home/borg/Z01.1-Fenix/Projetos/C-UnidadeLogicaAritmetica/src/Xor16.vhd Line: 4
Info (12021): Found 2 design units, including 1 entities, in source file TopLevel.vhd
    Info (12022): Found design unit 1: TopLevel-rtl File: /home/borg/Z01.1-Fenix/Projetos/C-UnidadeLogicaAritmetica/src/TopLevel.vhd Line: 35
    Info (12023): Found entity 1: TopLevel File: /home/borg/Z01.1-Fenix/Projetos/C-UnidadeLogicaAritmetica/src/TopLevel.vhd Line: 19
Info (12021): Found 2 design units, including 1 entities, in source file ALU.vhd
    Info (12022): Found design unit 1: alu-rtl File: /home/borg/Z01.1-Fenix/Projetos/C-UnidadeLogicaAritmetica/src/ALU.vhd Line: 46
    Info (12023): Found entity 1: ALU File: /home/borg/Z01.1-Fenix/Projetos/C-UnidadeLogicaAritmetica/src/ALU.vhd Line: 31
Info (12021): Found 2 design units, including 1 entities, in source file HalfAdder.vhd
    Info (12022): Found design unit 1: HalfAdder-rtl File: /home/borg/Z01.1-Fenix/Projetos/C-UnidadeLogicaAritmetica/src/HalfAdder.vhd Line: 17
    Info (12023): Found entity 1: HalfAdder File: /home/borg/Z01.1-Fenix/Projetos/C-UnidadeLogicaAritmetica/src/HalfAdder.vhd Line: 10
Info (12021): Found 2 design units, including 1 entities, in source file Add16.vhd
    Info (12022): Found design unit 1: Add16B-rtl File: /home/borg/Z01.1-Fenix/Projetos/C-UnidadeLogicaAritmetica/src/Add16.vhd Line: 20
    Info (12023): Found entity 1: Add16B File: /home/borg/Z01.1-Fenix/Projetos/C-UnidadeLogicaAritmetica/src/Add16.vhd Line: 11
Info (12021): Found 2 design units, including 1 entities, in source file shift16.vhd
    Info (12022): Found design unit 1: shift16-rtl File: /home/borg/Z01.1-Fenix/Projetos/C-UnidadeLogicaAritmetica/src/shift16.vhd Line: 12
    Info (12023): Found entity 1: shift16 File: /home/borg/Z01.1-Fenix/Projetos/C-UnidadeLogicaAritmetica/src/shift16.vhd Line: 4
Info (12021): Found 2 design units, including 1 entities, in source file And16.vhd
    Info (12022): Found design unit 1: And16-arch File: /home/borg/Z01.1-Fenix/Projetos/C-UnidadeLogicaAritmetica/src/And16.vhd Line: 11
    Info (12023): Found entity 1: And16 File: /home/borg/Z01.1-Fenix/Projetos/C-UnidadeLogicaAritmetica/src/And16.vhd Line: 4
Info (12021): Found 2 design units, including 1 entities, in source file Inc16.vhd
    Info (12022): Found design unit 1: Inc16-rtl File: /home/borg/Z01.1-Fenix/Projetos/C-UnidadeLogicaAritmetica/src/Inc16.vhd Line: 18
    Info (12023): Found entity 1: Inc16 File: /home/borg/Z01.1-Fenix/Projetos/C-UnidadeLogicaAritmetica/src/Inc16.vhd Line: 11
Info (12021): Found 2 design units, including 1 entities, in source file muxXor.vhd
    Info (12022): Found design unit 1: muxXor-arch File: /home/borg/Z01.1-Fenix/Projetos/C-UnidadeLogicaAritmetica/src/muxXor.vhd Line: 13
    Info (12023): Found entity 1: muxXor File: /home/borg/Z01.1-Fenix/Projetos/C-UnidadeLogicaAritmetica/src/muxXor.vhd Line: 4
Info (12021): Found 2 design units, including 1 entities, in source file inversor16.vhd
    Info (12022): Found design unit 1: inversor16-rtl File: /home/borg/Z01.1-Fenix/Projetos/C-UnidadeLogicaAritmetica/src/inversor16.vhd Line: 16
    Info (12023): Found entity 1: inversor16 File: /home/borg/Z01.1-Fenix/Projetos/C-UnidadeLogicaAritmetica/src/inversor16.vhd Line: 8
Info (12021): Found 2 design units, including 1 entities, in source file FullAdder.vhd
    Info (12022): Found design unit 1: FullAdder-rtl File: /home/borg/Z01.1-Fenix/Projetos/C-UnidadeLogicaAritmetica/src/FullAdder.vhd Line: 17
    Info (12023): Found entity 1: FullAdder File: /home/borg/Z01.1-Fenix/Projetos/C-UnidadeLogicaAritmetica/src/FullAdder.vhd Line: 10
Info (12021): Found 2 design units, including 1 entities, in source file zerador16.vhd
    Info (12022): Found design unit 1: zerador16-rtl File: /home/borg/Z01.1-Fenix/Projetos/C-UnidadeLogicaAritmetica/src/zerador16.vhd Line: 16
    Info (12023): Found entity 1: zerador16 File: /home/borg/Z01.1-Fenix/Projetos/C-UnidadeLogicaAritmetica/src/zerador16.vhd Line: 8
Info (12021): Found 2 design units, including 1 entities, in source file comparador16.vhd
    Info (12022): Found design unit 1: comparador16-rtl File: /home/borg/Z01.1-Fenix/Projetos/C-UnidadeLogicaAritmetica/src/comparador16.vhd Line: 16
    Info (12023): Found entity 1: comparador16 File: /home/borg/Z01.1-Fenix/Projetos/C-UnidadeLogicaAritmetica/src/comparador16.vhd Line: 8
Info (12021): Found 2 design units, including 1 entities, in source file sevenSeg.vhd
    Info (12022): Found design unit 1: sevenSeg-arch File: /home/borg/Z01.1-Fenix/Projetos/C-UnidadeLogicaAritmetica/src/sevenSeg.vhd Line: 10
    Info (12023): Found entity 1: sevenSeg File: /home/borg/Z01.1-Fenix/Projetos/C-UnidadeLogicaAritmetica/src/sevenSeg.vhd Line: 4
Info (12127): Elaborating entity "TopLevel" for the top level hierarchy
Warning (10873): Using initial value X (don't care) for net "LEDR[8..2]" at TopLevel.vhd(27) File: /home/borg/Z01.1-Fenix/Projetos/C-UnidadeLogicaAritmetica/src/TopLevel.vhd Line: 27
Info (12128): Elaborating entity "ALUa" for hierarchy "ALUa:alu" File: /home/borg/Z01.1-Fenix/Projetos/C-UnidadeLogicaAritmetica/src/TopLevel.vhd Line: 97
Info (12128): Elaborating entity "zerador16" for hierarchy "ALUa:alu|zerador16:zeradorx" File: /home/borg/Z01.1-Fenix/Projetos/C-UnidadeLogicaAritmetica/src/ALUconceitoA.vhd Line: 115
Info (12128): Elaborating entity "inversor16" for hierarchy "ALUa:alu|inversor16:inversorx" File: /home/borg/Z01.1-Fenix/Projetos/C-UnidadeLogicaAritmetica/src/ALUconceitoA.vhd Line: 131
Info (12128): Elaborating entity "Add16B" for hierarchy "ALUa:alu|Add16B:add" File: /home/borg/Z01.1-Fenix/Projetos/C-UnidadeLogicaAritmetica/src/ALUconceitoA.vhd Line: 145
Info (12128): Elaborating entity "FullAdder" for hierarchy "ALUa:alu|Add16B:add|FullAdder:adder0" File: /home/borg/Z01.1-Fenix/Projetos/C-UnidadeLogicaAritmetica/src/Add16.vhd Line: 39
Info (12128): Elaborating entity "And16" for hierarchy "ALUa:alu|And16:and1" File: /home/borg/Z01.1-Fenix/Projetos/C-UnidadeLogicaAritmetica/src/ALUconceitoA.vhd Line: 153
Info (12128): Elaborating entity "Xor16" for hierarchy "ALUa:alu|Xor16:xor1" File: /home/borg/Z01.1-Fenix/Projetos/C-UnidadeLogicaAritmetica/src/ALUconceitoA.vhd Line: 161
Info (12128): Elaborating entity "muxXor" for hierarchy "ALUa:alu|muxXor:muxi" File: /home/borg/Z01.1-Fenix/Projetos/C-UnidadeLogicaAritmetica/src/ALUconceitoA.vhd Line: 168
Info (12128): Elaborating entity "comparador16" for hierarchy "ALUa:alu|comparador16:compara" File: /home/borg/Z01.1-Fenix/Projetos/C-UnidadeLogicaAritmetica/src/ALUconceitoA.vhd Line: 183
Info (12128): Elaborating entity "shift16" for hierarchy "ALUa:alu|shift16:shift" File: /home/borg/Z01.1-Fenix/Projetos/C-UnidadeLogicaAritmetica/src/ALUconceitoA.vhd Line: 190
Info (12128): Elaborating entity "sevenSeg" for hierarchy "sevenSeg:u1" File: /home/borg/Z01.1-Fenix/Projetos/C-UnidadeLogicaAritmetica/src/TopLevel.vhd Line: 114
Warning (13024): Output pins are stuck at VCC or GND
    Warning (13410): Pin "HEX1[0]" is stuck at GND File: /home/borg/Z01.1-Fenix/Projetos/C-UnidadeLogicaAritmetica/src/TopLevel.vhd Line: 24
    Warning (13410): Pin "HEX1[4]" is stuck at GND File: /home/borg/Z01.1-Fenix/Projetos/C-UnidadeLogicaAritmetica/src/TopLevel.vhd Line: 24
    Warning (13410): Pin "HEX1[5]" is stuck at GND File: /home/borg/Z01.1-Fenix/Projetos/C-UnidadeLogicaAritmetica/src/TopLevel.vhd Line: 24
    Warning (13410): Pin "LEDR[2]" is stuck at GND File: /home/borg/Z01.1-Fenix/Projetos/C-UnidadeLogicaAritmetica/src/TopLevel.vhd Line: 27
    Warning (13410): Pin "LEDR[3]" is stuck at GND File: /home/borg/Z01.1-Fenix/Projetos/C-UnidadeLogicaAritmetica/src/TopLevel.vhd Line: 27
    Warning (13410): Pin "LEDR[4]" is stuck at GND File: /home/borg/Z01.1-Fenix/Projetos/C-UnidadeLogicaAritmetica/src/TopLevel.vhd Line: 27
    Warning (13410): Pin "LEDR[5]" is stuck at GND File: /home/borg/Z01.1-Fenix/Projetos/C-UnidadeLogicaAritmetica/src/TopLevel.vhd Line: 27
    Warning (13410): Pin "LEDR[6]" is stuck at GND File: /home/borg/Z01.1-Fenix/Projetos/C-UnidadeLogicaAritmetica/src/TopLevel.vhd Line: 27
    Warning (13410): Pin "LEDR[7]" is stuck at GND File: /home/borg/Z01.1-Fenix/Projetos/C-UnidadeLogicaAritmetica/src/TopLevel.vhd Line: 27
    Warning (13410): Pin "LEDR[8]" is stuck at GND File: /home/borg/Z01.1-Fenix/Projetos/C-UnidadeLogicaAritmetica/src/TopLevel.vhd Line: 27
Info (286030): Timing-Driven Synthesis is running
Info (16010): Generating hard_block partition "hard_block:auto_generated_inst"
    Info (16011): Adding 0 node(s), including 0 DDIO, 0 PLL, 0 transceiver and 0 LCELL
Warning (21074): Design contains 4 input pin(s) that do not drive logic
    Warning (15610): No output dependent on input pin "CLOCK_50" File: /home/borg/Z01.1-Fenix/Projetos/C-UnidadeLogicaAritmetica/src/TopLevel.vhd Line: 21
    Warning (15610): No output dependent on input pin "SW[7]" File: /home/borg/Z01.1-Fenix/Projetos/C-UnidadeLogicaAritmetica/src/TopLevel.vhd Line: 22
    Warning (15610): No output dependent on input pin "SW[8]" File: /home/borg/Z01.1-Fenix/Projetos/C-UnidadeLogicaAritmetica/src/TopLevel.vhd Line: 22
    Warning (15610): No output dependent on input pin "SW[9]" File: /home/borg/Z01.1-Fenix/Projetos/C-UnidadeLogicaAritmetica/src/TopLevel.vhd Line: 22
Info (21057): Implemented 78 device resources after synthesis - the final resource count might be different
    Info (21058): Implemented 11 input pins
    Info (21059): Implemented 38 output pins
    Info (21061): Implemented 29 logic cells
Info: Quartus Prime Analysis & Synthesis was successful. 0 errors, 18 warnings
    Info: Peak virtual memory: 484 megabytes
    Info: Processing ended: Fri Mar 25 13:10:01 2022
    Info: Elapsed time: 00:00:11
    Info: Total CPU time (on all processors): 00:00:24


